2011-09-27 19:23:58 Warning: Warning (512): Method WijmoHelper::addScript does not exist in [/var/www/cakephp/cake/libs/view/helper.php, line 154]
2011-09-27 19:24:13 Warning: Warning (512): Method WijmoHelper::scriptBlock does not exist in [/var/www/cakephp/cake/libs/view/helper.php, line 154]
2011-09-27 19:24:22 Warning: Warning (512): Method WijmoHelper::scriptBlock does not exist in [/var/www/cakephp/cake/libs/view/helper.php, line 154]
2011-09-27 22:51:52 Warning: Warning (2): fopen(/var/www/wijmocake.local/tmp/cache/persistent/cake_core_default_en-us) [http://php.net/function.fopen]: failed to open stream: Permission denied in [/var/www/cakephp/cake/libs/cache/file.php, line 142]
2011-09-27 22:51:52 Warning: Warning (2): fopen(/var/www/wijmocake.local/tmp/cache/persistent/cake_core_dir_map) [http://php.net/function.fopen]: failed to open stream: Permission denied in [/var/www/cakephp/cake/libs/cache/file.php, line 142]
2011-09-27 22:51:52 Warning: Warning (2): fopen(/var/www/wijmocake.local/tmp/cache/persistent/cake_core_file_map) [http://php.net/function.fopen]: failed to open stream: Permission denied in [/var/www/cakephp/cake/libs/cache/file.php, line 142]
2011-09-27 22:51:52 Warning: Warning (2): fopen(/var/www/wijmocake.local/tmp/cache/persistent/cake_core_object_map) [http://php.net/function.fopen]: failed to open stream: Permission denied in [/var/www/cakephp/cake/libs/cache/file.php, line 142]
2011-09-27 22:51:52 Warning: Warning (2): fopen(/var/www/wijmocake.local/tmp/cache/persistent/cake_core_dir_map) [http://php.net/function.fopen]: failed to open stream: Permission denied in [/var/www/cakephp/cake/libs/cache/file.php, line 142]
2011-09-27 22:51:52 Warning: Warning (2): fopen(/var/www/wijmocake.local/tmp/cache/persistent/cake_core_dir_map) [http://php.net/function.fopen]: failed to open stream: Permission denied in [/var/www/cakephp/cake/libs/cache/file.php, line 142]
2011-09-27 22:51:52 Warning: Warning (2): fopen(/var/www/wijmocake.local/tmp/cache/persistent/cake_core_file_map) [http://php.net/function.fopen]: failed to open stream: Permission denied in [/var/www/cakephp/cake/libs/cache/file.php, line 142]
2011-09-27 22:51:52 Warning: Warning (2): fopen(/var/www/wijmocake.local/tmp/cache/persistent/cake_core_object_map) [http://php.net/function.fopen]: failed to open stream: Permission denied in [/var/www/cakephp/cake/libs/cache/file.php, line 142]
2011-09-27 22:51:52 Warning: Warning (2): fopen(/var/www/wijmocake.local/tmp/cache/persistent/cake_core_file_map) [http://php.net/function.fopen]: failed to open stream: Permission denied in [/var/www/cakephp/cake/libs/cache/file.php, line 142]
2011-09-27 22:51:52 Warning: Warning (2): fopen(/var/www/wijmocake.local/tmp/cache/persistent/cake_core_object_map) [http://php.net/function.fopen]: failed to open stream: Permission denied in [/var/www/cakephp/cake/libs/cache/file.php, line 142]
2011-09-27 22:51:52 Warning: Warning (2): fopen(/var/www/wijmocake.local/tmp/cache/persistent/cake_core_dir_map) [http://php.net/function.fopen]: failed to open stream: Permission denied in [/var/www/cakephp/cake/libs/cache/file.php, line 142]
2011-09-27 22:51:52 Warning: Warning (2): fopen(/var/www/wijmocake.local/tmp/cache/persistent/cake_core_file_map) [http://php.net/function.fopen]: failed to open stream: Permission denied in [/var/www/cakephp/cake/libs/cache/file.php, line 142]
2011-09-27 22:51:52 Warning: Warning (2): fopen(/var/www/wijmocake.local/tmp/cache/persistent/cake_core_object_map) [http://php.net/function.fopen]: failed to open stream: Permission denied in [/var/www/cakephp/cake/libs/cache/file.php, line 142]
2011-09-27 22:53:45 Warning: Warning (2): fopen(/var/www/wijmocake.local/tmp/cache/persistent/cake_core_default_en-us) [http://php.net/function.fopen]: failed to open stream: Permission denied in [/var/www/cakephp/cake/libs/cache/file.php, line 142]
2011-09-27 22:53:45 Warning: Warning (2): fopen(/var/www/wijmocake.local/tmp/cache/persistent/cake_core_dir_map) [http://php.net/function.fopen]: failed to open stream: Permission denied in [/var/www/cakephp/cake/libs/cache/file.php, line 142]
2011-09-27 22:53:45 Warning: Warning (2): fopen(/var/www/wijmocake.local/tmp/cache/persistent/cake_core_file_map) [http://php.net/function.fopen]: failed to open stream: Permission denied in [/var/www/cakephp/cake/libs/cache/file.php, line 142]
2011-09-27 22:53:45 Warning: Warning (2): fopen(/var/www/wijmocake.local/tmp/cache/persistent/cake_core_object_map) [http://php.net/function.fopen]: failed to open stream: Permission denied in [/var/www/cakephp/cake/libs/cache/file.php, line 142]
2011-09-27 22:53:45 Warning: Warning (2): fopen(/var/www/wijmocake.local/tmp/cache/persistent/cake_core_dir_map) [http://php.net/function.fopen]: failed to open stream: Permission denied in [/var/www/cakephp/cake/libs/cache/file.php, line 142]
2011-09-27 22:53:45 Warning: Warning (2): fopen(/var/www/wijmocake.local/tmp/cache/persistent/cake_core_file_map) [http://php.net/function.fopen]: failed to open stream: Permission denied in [/var/www/cakephp/cake/libs/cache/file.php, line 142]
2011-09-27 22:53:45 Warning: Warning (2): fopen(/var/www/wijmocake.local/tmp/cache/persistent/cake_core_object_map) [http://php.net/function.fopen]: failed to open stream: Permission denied in [/var/www/cakephp/cake/libs/cache/file.php, line 142]
2011-09-27 22:53:45 Warning: Warning (2): fopen(/var/www/wijmocake.local/tmp/cache/persistent/cake_core_dir_map) [http://php.net/function.fopen]: failed to open stream: Permission denied in [/var/www/cakephp/cake/libs/cache/file.php, line 142]
2011-09-27 22:53:45 Warning: Warning (2): fopen(/var/www/wijmocake.local/tmp/cache/persistent/cake_core_file_map) [http://php.net/function.fopen]: failed to open stream: Permission denied in [/var/www/cakephp/cake/libs/cache/file.php, line 142]
2011-09-27 22:53:45 Warning: Warning (2): fopen(/var/www/wijmocake.local/tmp/cache/persistent/cake_core_dir_map) [http://php.net/function.fopen]: failed to open stream: Permission denied in [/var/www/cakephp/cake/libs/cache/file.php, line 142]
2011-09-27 22:53:45 Warning: Warning (2): fopen(/var/www/wijmocake.local/tmp/cache/persistent/cake_core_file_map) [http://php.net/function.fopen]: failed to open stream: Permission denied in [/var/www/cakephp/cake/libs/cache/file.php, line 142]
2011-09-27 22:53:45 Warning: Warning (2): fopen(/var/www/wijmocake.local/tmp/cache/persistent/cake_core_object_map) [http://php.net/function.fopen]: failed to open stream: Permission denied in [/var/www/cakephp/cake/libs/cache/file.php, line 142]
2011-09-27 22:53:45 Warning: Warning (2): fopen(/var/www/wijmocake.local/tmp/cache/persistent/cake_core_object_map) [http://php.net/function.fopen]: failed to open stream: Permission denied in [/var/www/cakephp/cake/libs/cache/file.php, line 142]
2011-09-27 22:53:45 Warning: Warning (2): fopen(/var/www/wijmocake.local/tmp/cache/persistent/cake_core_dir_map) [http://php.net/function.fopen]: failed to open stream: Permission denied in [/var/www/cakephp/cake/libs/cache/file.php, line 142]
2011-09-27 22:53:45 Warning: Warning (2): fopen(/var/www/wijmocake.local/tmp/cache/persistent/cake_core_file_map) [http://php.net/function.fopen]: failed to open stream: Permission denied in [/var/www/cakephp/cake/libs/cache/file.php, line 142]
2011-09-27 22:53:45 Warning: Warning (2): fopen(/var/www/wijmocake.local/tmp/cache/persistent/cake_core_object_map) [http://php.net/function.fopen]: failed to open stream: Permission denied in [/var/www/cakephp/cake/libs/cache/file.php, line 142]
